<?xml version="1.0" encoding="UTF-8"?>
<coverage generated="1642692897751" clover="3.2.0">
  <project timestamp="1642692897751" name="All files">
    <metrics statements="161" coveredstatements="150" conditionals="58" coveredconditionals="49" methods="50" coveredmethods="48" elements="269" coveredelements="247" complexity="0" loc="161" ncloc="161" packages="3" files="7" classes="7"/>
    <package name="components">
      <metrics statements="4" coveredstatements="4" conditionals="0" coveredconditionals="0" methods="2" coveredmethods="2"/>
      <file name="NavigateButton.js" path="/Users/jamesquinn/Desktop/Futureproof/LAP3/PROJECT WEEK/Weds19Jan/quiz-app/client/src/components/NavigateButton.js">
        <metrics statements="4" coveredstatements="4" conditionals="0" coveredconditionals="0" methods="2" coveredmethods="2"/>
        <line num="5" count="32" type="stmt"/>
        <line num="7" count="32" type="stmt"/>
        <line num="8" count="1" type="stmt"/>
        <line num="11" count="32" type="stmt"/>
      </file>
    </package>
    <package name="pages">
      <metrics statements="156" coveredstatements="145" conditionals="58" coveredconditionals="49" methods="48" coveredmethods="46"/>
      <file name="CreateQuiz.js" path="/Users/jamesquinn/Desktop/Futureproof/LAP3/PROJECT WEEK/Weds19Jan/quiz-app/client/src/pages/CreateQuiz.js">
        <metrics statements="53" coveredstatements="44" conditionals="14" coveredconditionals="11" methods="12" coveredmethods="12"/>
        <line num="7" count="79" type="stmt"/>
        <line num="8" count="78" type="stmt"/>
        <line num="9" count="78" type="stmt"/>
        <line num="10" count="78" type="stmt"/>
        <line num="11" count="78" type="stmt"/>
        <line num="12" count="78" type="stmt"/>
        <line num="13" count="78" type="stmt"/>
        <line num="14" count="78" type="stmt"/>
        <line num="17" count="1" type="stmt"/>
        <line num="18" count="1" type="stmt"/>
        <line num="19" count="1" type="stmt"/>
        <line num="20" count="0" type="stmt"/>
        <line num="21" count="0" type="stmt"/>
        <line num="22" count="0" type="stmt"/>
        <line num="23" count="0" type="stmt"/>
        <line num="24" count="0" type="stmt"/>
        <line num="26" count="0" type="stmt"/>
        <line num="27" count="0" type="stmt"/>
        <line num="29" count="0" type="stmt"/>
        <line num="30" count="0" type="stmt"/>
        <line num="32" count="1" type="cond" truecount="1" falsecount="1"/>
        <line num="36" count="78" type="stmt"/>
        <line num="38" count="5" type="stmt"/>
        <line num="39" count="5" type="stmt"/>
        <line num="40" count="2" type="stmt"/>
        <line num="41" count="2" type="stmt"/>
        <line num="43" count="3" type="stmt"/>
        <line num="46" count="5" type="stmt"/>
        <line num="50" count="8" type="stmt"/>
        <line num="51" count="8" type="cond" truecount="1" falsecount="1"/>
        <line num="52" count="8" type="stmt"/>
        <line num="53" count="8" type="stmt"/>
        <line num="57" count="78" type="stmt"/>
        <line num="58" count="1" type="stmt"/>
        <line num="59" count="1" type="stmt"/>
        <line num="62" count="78" type="stmt"/>
        <line num="63" count="56" type="stmt"/>
        <line num="64" count="56" type="stmt"/>
        <line num="68" count="1" type="stmt"/>
        <line num="69" count="1" type="stmt"/>
        <line num="70" count="1" type="stmt"/>
        <line num="71" count="1" type="cond" truecount="1" falsecount="1"/>
        <line num="72" count="1" type="stmt"/>
        <line num="73" count="1" type="stmt"/>
        <line num="74" count="3" type="cond" truecount="4" falsecount="0"/>
        <line num="75" count="1" type="stmt"/>
        <line num="77" count="1" type="stmt"/>
        <line num="78" count="1" type="stmt"/>
        <line num="79" count="2" type="stmt"/>
        <line num="80" count="1" type="stmt"/>
        <line num="83" count="78" type="stmt"/>
        <line num="98" count="52" type="stmt"/>
        <line num="111" count="4" type="stmt"/>
      </file>
      <file name="Leaderboard.js" path="/Users/jamesquinn/Desktop/Futureproof/LAP3/PROJECT WEEK/Weds19Jan/quiz-app/client/src/pages/Leaderboard.js">
        <metrics statements="28" coveredstatements="28" conditionals="6" coveredconditionals="6" methods="10" coveredmethods="10"/>
        <line num="6" count="13" type="stmt"/>
        <line num="7" count="12" type="stmt"/>
        <line num="8" count="12" type="stmt"/>
        <line num="10" count="12" type="stmt"/>
        <line num="12" count="3" type="stmt"/>
        <line num="13" count="3" type="stmt"/>
        <line num="14" count="3" type="stmt"/>
        <line num="15" count="2" type="stmt"/>
        <line num="16" count="2" type="stmt"/>
        <line num="17" count="2" type="stmt"/>
        <line num="19" count="1" type="stmt"/>
        <line num="23" count="3" type="stmt"/>
        <line num="27" count="8" type="stmt"/>
        <line num="28" count="8" type="stmt"/>
        <line num="29" count="8" type="stmt"/>
        <line num="30" count="16" type="cond" truecount="2" falsecount="0"/>
        <line num="31" count="8" type="stmt"/>
        <line num="33" count="8" type="stmt"/>
        <line num="36" count="12" type="stmt"/>
        <line num="37" count="1" type="stmt"/>
        <line num="42" count="12" type="cond" truecount="2" falsecount="0"/>
        <line num="43" count="3" type="stmt"/>
        <line num="44" count="4" type="stmt"/>
        <line num="45" count="3" type="stmt"/>
        <line num="47" count="9" type="stmt"/>
        <line num="49" count="12" type="stmt"/>
        <line num="50" count="12" type="cond" truecount="2" falsecount="0"/>
        <line num="53" count="12" type="stmt"/>
      </file>
      <file name="Questions.js" path="/Users/jamesquinn/Desktop/Futureproof/LAP3/PROJECT WEEK/Weds19Jan/quiz-app/client/src/pages/Questions.js">
        <metrics statements="55" coveredstatements="53" conditionals="34" coveredconditionals="28" methods="18" coveredmethods="16"/>
        <line num="7" count="11" type="stmt"/>
        <line num="8" count="10" type="stmt"/>
        <line num="9" count="10" type="stmt"/>
        <line num="10" count="10" type="stmt"/>
        <line num="11" count="10" type="stmt"/>
        <line num="12" count="10" type="stmt"/>
        <line num="13" count="10" type="stmt"/>
        <line num="16" count="13" type="cond" truecount="2" falsecount="0"/>
        <line num="17" count="12" type="stmt"/>
        <line num="18" count="12" type="stmt"/>
        <line num="19" count="53" type="stmt"/>
        <line num="23" count="10" type="stmt"/>
        <line num="24" count="4" type="cond" truecount="2" falsecount="0"/>
        <line num="25" count="1" type="stmt"/>
        <line num="28" count="10" type="stmt"/>
        <line num="33" count="1" type="cond" truecount="0" falsecount="2"/>
        <line num="36" count="6" type="cond" truecount="1" falsecount="1"/>
        <line num="37" count="6" type="stmt"/>
        <line num="39" count="0" type="stmt"/>
        <line num="40" count="0" type="stmt"/>
        <line num="43" count="6" type="cond" truecount="4" falsecount="0"/>
        <line num="44" count="1" type="stmt"/>
        <line num="45" count="1" type="stmt"/>
        <line num="48" count="6" type="stmt"/>
        <line num="49" count="6" type="cond" truecount="1" falsecount="1"/>
        <line num="50" count="6" type="stmt"/>
        <line num="52" count="6" type="cond" truecount="2" falsecount="0"/>
        <line num="53" count="1" type="stmt"/>
        <line num="57" count="10" type="stmt"/>
        <line num="58" count="5" type="cond" truecount="2" falsecount="0"/>
        <line num="59" count="1" type="stmt"/>
        <line num="60" count="1" type="stmt"/>
        <line num="61" count="1" type="cond" truecount="1" falsecount="1"/>
        <line num="62" count="1" type="stmt"/>
        <line num="63" count="1" type="stmt"/>
        <line num="64" count="1" type="stmt"/>
        <line num="69" count="10" type="stmt"/>
        <line num="70" count="4" type="cond" truecount="2" falsecount="0"/>
        <line num="71" count="3" type="stmt"/>
        <line num="72" count="3" type="stmt"/>
        <line num="73" count="3" type="stmt"/>
        <line num="74" count="3" type="stmt"/>
        <line num="81" count="1" type="stmt"/>
        <line num="82" count="1" type="stmt"/>
        <line num="85" count="9" type="stmt"/>
        <line num="86" count="36" type="stmt"/>
        <line num="87" count="36" type="cond" truecount="2" falsecount="0"/>
        <line num="88" count="8" type="cond" truecount="2" falsecount="0"/>
        <line num="89" count="2" type="cond" truecount="1" falsecount="1"/>
        <line num="90" count="6" type="cond" truecount="2" falsecount="0"/>
        <line num="91" count="2" type="stmt"/>
        <line num="93" count="36" type="stmt"/>
        <line num="96" count="9" type="stmt"/>
        <line num="101" count="36" type="stmt"/>
        <line num="110" count="10" type="stmt"/>
      </file>
      <file name="ResultsPage.js" path="/Users/jamesquinn/Desktop/Futureproof/LAP3/PROJECT WEEK/Weds19Jan/quiz-app/client/src/pages/ResultsPage.js">
        <metrics statements="19" coveredstatements="19" conditionals="4" coveredconditionals="4" methods="7" coveredmethods="7"/>
        <line num="8" count="3" type="stmt"/>
        <line num="9" count="3" type="stmt"/>
        <line num="11" count="3" type="stmt"/>
        <line num="13" count="2" type="stmt"/>
        <line num="14" count="2" type="stmt"/>
        <line num="15" count="2" type="stmt"/>
        <line num="16" count="6" type="stmt"/>
        <line num="18" count="2" type="stmt"/>
        <line num="20" count="1" type="stmt"/>
        <line num="24" count="3" type="cond" truecount="2" falsecount="0"/>
        <line num="25" count="1" type="stmt"/>
        <line num="27" count="2" type="stmt"/>
        <line num="29" count="3" type="stmt"/>
        <line num="33" count="2" type="stmt"/>
        <line num="35" count="2" type="stmt"/>
        <line num="36" count="6" type="stmt"/>
        <line num="38" count="4" type="stmt"/>
        <line num="39" count="6" type="stmt"/>
        <line num="42" count="3" type="stmt"/>
      </file>
      <file name="Welcome.js" path="/Users/jamesquinn/Desktop/Futureproof/LAP3/PROJECT WEEK/Weds19Jan/quiz-app/client/src/pages/Welcome.js">
        <metrics statements="1" coveredstatements="1" conditionals="0" coveredconditionals="0" methods="1" coveredmethods="1"/>
        <line num="5" count="2" type="stmt"/>
      </file>
    </package>
    <package name="utils">
      <metrics statements="1" coveredstatements="1" conditionals="0" coveredconditionals="0" methods="0" coveredmethods="0"/>
      <file name="Context.js" path="/Users/jamesquinn/Desktop/Futureproof/LAP3/PROJECT WEEK/Weds19Jan/quiz-app/client/src/utils/Context.js">
        <metrics statements="1" coveredstatements="1" conditionals="0" coveredconditionals="0" methods="0" coveredmethods="0"/>
        <line num="3" count="6" type="stmt"/>
      </file>
    </package>
  </project>
</coverage>
