{"/Users/jamesquinn/Desktop/Futureproof/LAP3/PROJECT WEEK/Weds19Jan/quiz-app/client/src/components/NavigateButton.js": {"path":"/Users/jamesquinn/Desktop/Futureproof/LAP3/PROJECT WEEK/Weds19Jan/quiz-app/client/src/components/NavigateButton.js","statementMap":{"0":{"start":{"line":5,"column":20},"end":{"line":5,"column":33}},"1":{"start":{"line":7,"column":22},"end":{"line":9,"column":4}},"2":{"start":{"line":8,"column":6},"end":{"line":8,"column":34}},"3":{"start":{"line":11,"column":3},"end":{"line":11,"column":72}}},"fnMap":{"0":{"name":"NavigateButton","decl":{"start":{"line":3,"column":9},"end":{"line":3,"column":23}},"loc":{"start":{"line":3,"column":31},"end":{"line":12,"column":1}},"line":3},"1":{"name":"(anonymous_1)","decl":{"start":{"line":7,"column":22},"end":{"line":7,"column":23}},"loc":{"start":{"line":7,"column":28},"end":{"line":9,"column":4}},"line":7}},"branchMap":{},"s":{"0":32,"1":32,"2":1,"3":32},"f":{"0":32,"1":1},"b":{},"_coverageSchema":"1a1c01bbd47fc00a2c39e90264f33305004495a9","hash":"3c485f18c67e8953936dc872005e65734a274d77"}
,"/Users/jamesquinn/Desktop/Futureproof/LAP3/PROJECT WEEK/Weds19Jan/quiz-app/client/src/pages/CreateQuiz.js": {"path":"/Users/jamesquinn/Desktop/Futureproof/LAP3/PROJECT WEEK/Weds19Jan/quiz-app/client/src/pages/CreateQuiz.js","statementMap":{"0":{"start":{"line":7,"column":29},"end":{"line":7,"column":48}},"1":{"start":{"line":8,"column":35},"end":{"line":8,"column":96}},"2":{"start":{"line":9,"column":31},"end":{"line":9,"column":43}},"3":{"start":{"line":10,"column":33},"end":{"line":10,"column":45}},"4":{"start":{"line":11,"column":43},"end":{"line":11,"column":55}},"5":{"start":{"line":12,"column":27},"end":{"line":12,"column":39}},"6":{"start":{"line":13,"column":41},"end":{"line":13,"column":56}},"7":{"start":{"line":14,"column":20},"end":{"line":14,"column":33}},"8":{"start":{"line":17,"column":6},"end":{"line":33,"column":7}},"9":{"start":{"line":18,"column":21},"end":{"line":18,"column":46}},"10":{"start":{"line":19,"column":9},"end":{"line":19,"column":42}},"11":{"start":{"line":20,"column":17},"end":{"line":20,"column":18}},"12":{"start":{"line":21,"column":23},"end":{"line":21,"column":24}},"13":{"start":{"line":22,"column":9},"end":{"line":28,"column":10}},"14":{"start":{"line":23,"column":12},"end":{"line":25,"column":13}},"15":{"start":{"line":23,"column":24},"end":{"line":23,"column":25}},"16":{"start":{"line":24,"column":15},"end":{"line":24,"column":85}},"17":{"start":{"line":26,"column":12},"end":{"line":26,"column":31}},"18":{"start":{"line":27,"column":12},"end":{"line":27,"column":21}},"19":{"start":{"line":29,"column":9},"end":{"line":29,"column":28}},"20":{"start":{"line":30,"column":9},"end":{"line":30,"column":36}},"21":{"start":{"line":32,"column":9},"end":{"line":32,"column":58}},"22":{"start":{"line":36,"column":3},"end":{"line":47,"column":9}},"23":{"start":{"line":38,"column":9},"end":{"line":44,"column":9}},"24":{"start":{"line":39,"column":27},"end":{"line":39,"column":82}},"25":{"start":{"line":40,"column":12},"end":{"line":40,"column":52}},"26":{"start":{"line":41,"column":12},"end":{"line":41,"column":24}},"27":{"start":{"line":43,"column":12},"end":{"line":43,"column":61}},"28":{"start":{"line":46,"column":6},"end":{"line":46,"column":21}},"29":{"start":{"line":50,"column":6},"end":{"line":50,"column":24}},"30":{"start":{"line":51,"column":6},"end":{"line":54,"column":7}},"31":{"start":{"line":52,"column":9},"end":{"line":52,"column":48}},"32":{"start":{"line":52,"column":29},"end":{"line":52,"column":47}},"33":{"start":{"line":53,"column":9},"end":{"line":53,"column":22}},"34":{"start":{"line":57,"column":23},"end":{"line":60,"column":4}},"35":{"start":{"line":58,"column":30},"end":{"line":58,"column":38}},"36":{"start":{"line":59,"column":6},"end":{"line":59,"column":49}},"37":{"start":{"line":62,"column":24},"end":{"line":65,"column":4}},"38":{"start":{"line":63,"column":24},"end":{"line":63,"column":32}},"39":{"start":{"line":64,"column":6},"end":{"line":64,"column":22}},"40":{"start":{"line":68,"column":6},"end":{"line":68,"column":24}},"41":{"start":{"line":69,"column":6},"end":{"line":69,"column":27}},"42":{"start":{"line":70,"column":6},"end":{"line":70,"column":26}},"43":{"start":{"line":71,"column":19},"end":{"line":71,"column":92}},"44":{"start":{"line":72,"column":16},"end":{"line":72,"column":84}},"45":{"start":{"line":73,"column":6},"end":{"line":76,"column":7}},"46":{"start":{"line":74,"column":9},"end":{"line":75,"column":45}},"47":{"start":{"line":75,"column":12},"end":{"line":75,"column":45}},"48":{"start":{"line":77,"column":6},"end":{"line":77,"column":20}},"49":{"start":{"line":78,"column":6},"end":{"line":78,"column":23}},"50":{"start":{"line":79,"column":6},"end":{"line":79,"column":46}},"51":{"start":{"line":79,"column":27},"end":{"line":79,"column":45}},"52":{"start":{"line":80,"column":6},"end":{"line":80,"column":25}},"53":{"start":{"line":83,"column":3},"end":{"line":120,"column":4}},"54":{"start":{"line":98,"column":42},"end":{"line":98,"column":73}},"55":{"start":{"line":111,"column":52},"end":{"line":111,"column":122}}},"fnMap":{"0":{"name":"CreateQuiz","decl":{"start":{"line":6,"column":9},"end":{"line":6,"column":19}},"loc":{"start":{"line":6,"column":22},"end":{"line":121,"column":1}},"line":6},"1":{"name":"getTriviaData","decl":{"start":{"line":16,"column":18},"end":{"line":16,"column":31}},"loc":{"start":{"line":16,"column":38},"end":{"line":34,"column":4}},"line":16},"2":{"name":"(anonymous_2)","decl":{"start":{"line":36,"column":13},"end":{"line":36,"column":14}},"loc":{"start":{"line":36,"column":19},"end":{"line":47,"column":4}},"line":36},"3":{"name":"getCategories","decl":{"start":{"line":37,"column":21},"end":{"line":37,"column":34}},"loc":{"start":{"line":37,"column":37},"end":{"line":45,"column":7}},"line":37},"4":{"name":"submitPlayer","decl":{"start":{"line":49,"column":12},"end":{"line":49,"column":24}},"loc":{"start":{"line":49,"column":28},"end":{"line":55,"column":4}},"line":49},"5":{"name":"(anonymous_5)","decl":{"start":{"line":52,"column":20},"end":{"line":52,"column":21}},"loc":{"start":{"line":52,"column":29},"end":{"line":52,"column":47}},"line":52},"6":{"name":"(anonymous_6)","decl":{"start":{"line":57,"column":23},"end":{"line":57,"column":24}},"loc":{"start":{"line":57,"column":28},"end":{"line":60,"column":4}},"line":57},"7":{"name":"(anonymous_7)","decl":{"start":{"line":62,"column":24},"end":{"line":62,"column":25}},"loc":{"start":{"line":62,"column":29},"end":{"line":65,"column":4}},"line":62},"8":{"name":"submitForm","decl":{"start":{"line":67,"column":12},"end":{"line":67,"column":22}},"loc":{"start":{"line":67,"column":26},"end":{"line":81,"column":4}},"line":67},"9":{"name":"(anonymous_9)","decl":{"start":{"line":79,"column":22},"end":{"line":79,"column":23}},"loc":{"start":{"line":79,"column":27},"end":{"line":79,"column":45}},"line":79},"10":{"name":"(anonymous_10)","decl":{"start":{"line":98,"column":32},"end":{"line":98,"column":33}},"loc":{"start":{"line":98,"column":42},"end":{"line":98,"column":73}},"line":98},"11":{"name":"(anonymous_11)","decl":{"start":{"line":111,"column":40},"end":{"line":111,"column":41}},"loc":{"start":{"line":111,"column":52},"end":{"line":111,"column":122}},"line":111}},"branchMap":{"0":{"loc":{"start":{"line":32,"column":17},"end":{"line":32,"column":57}},"type":"binary-expr","locations":[{"start":{"line":32,"column":17},"end":{"line":32,"column":42}},{"start":{"line":32,"column":46},"end":{"line":32,"column":57}}],"line":32},"1":{"loc":{"start":{"line":51,"column":6},"end":{"line":54,"column":7}},"type":"if","locations":[{"start":{"line":51,"column":6},"end":{"line":54,"column":7}},{"start":{},"end":{}}],"line":51},"2":{"loc":{"start":{"line":71,"column":28},"end":{"line":71,"column":90}},"type":"cond-expr","locations":[{"start":{"line":71,"column":61},"end":{"line":71,"column":62}},{"start":{"line":71,"column":65},"end":{"line":71,"column":90}}],"line":71},"3":{"loc":{"start":{"line":74,"column":9},"end":{"line":75,"column":45}},"type":"if","locations":[{"start":{"line":74,"column":9},"end":{"line":75,"column":45}},{"start":{},"end":{}}],"line":74},"4":{"loc":{"start":{"line":74,"column":12},"end":{"line":74,"column":55}},"type":"binary-expr","locations":[{"start":{"line":74,"column":12},"end":{"line":74,"column":28}},{"start":{"line":74,"column":32},"end":{"line":74,"column":55}}],"line":74},"5":{"loc":{"start":{"line":86,"column":11},"end":{"line":117,"column":12}},"type":"binary-expr","locations":[{"start":{"line":86,"column":11},"end":{"line":86,"column":23}},{"start":{"line":87,"column":9},"end":{"line":117,"column":12}}],"line":86},"6":{"loc":{"start":{"line":95,"column":14},"end":{"line":115,"column":18}},"type":"binary-expr","locations":[{"start":{"line":95,"column":14},"end":{"line":95,"column":32}},{"start":{"line":96,"column":15},"end":{"line":115,"column":18}}],"line":95}},"s":{"0":79,"1":78,"2":78,"3":78,"4":78,"5":78,"6":78,"7":78,"8":1,"9":1,"10":1,"11":0,"12":0,"13":0,"14":0,"15":0,"16":0,"17":0,"18":0,"19":0,"20":0,"21":1,"22":78,"23":5,"24":5,"25":2,"26":2,"27":3,"28":5,"29":8,"30":8,"31":8,"32":8,"33":8,"34":78,"35":1,"36":1,"37":78,"38":56,"39":56,"40":1,"41":1,"42":1,"43":1,"44":1,"45":1,"46":3,"47":1,"48":1,"49":1,"50":1,"51":2,"52":1,"53":78,"54":52,"55":4},"f":{"0":79,"1":1,"2":5,"3":5,"4":8,"5":8,"6":1,"7":56,"8":1,"9":2,"10":52,"11":4},"b":{"0":[1,0],"1":[8,0],"2":[0,1],"3":[1,2],"4":[3,2],"5":[78,76],"6":[76,42]},"_coverageSchema":"1a1c01bbd47fc00a2c39e90264f33305004495a9","hash":"1b83702091be8f525cfb9fac35b832cfeefef2e7"}
,"/Users/jamesquinn/Desktop/Futureproof/LAP3/PROJECT WEEK/Weds19Jan/quiz-app/client/src/pages/Leaderboard.js": {"path":"/Users/jamesquinn/Desktop/Futureproof/LAP3/PROJECT WEEK/Weds19Jan/quiz-app/client/src/pages/Leaderboard.js","statementMap":{"0":{"start":{"line":6,"column":27},"end":{"line":6,"column":39}},"1":{"start":{"line":7,"column":39},"end":{"line":7,"column":51}},"2":{"start":{"line":8,"column":31},"end":{"line":8,"column":43}},"3":{"start":{"line":10,"column":3},"end":{"line":24,"column":9}},"4":{"start":{"line":12,"column":9},"end":{"line":20,"column":10}},"5":{"start":{"line":13,"column":12},"end":{"line":13,"column":37}},"6":{"start":{"line":14,"column":29},"end":{"line":14,"column":89}},"7":{"start":{"line":15,"column":12},"end":{"line":15,"column":76}},"8":{"start":{"line":15,"column":40},"end":{"line":15,"column":75}},"9":{"start":{"line":16,"column":12},"end":{"line":16,"column":39}},"10":{"start":{"line":17,"column":12},"end":{"line":17,"column":23}},"11":{"start":{"line":19,"column":12},"end":{"line":19,"column":61}},"12":{"start":{"line":23,"column":6},"end":{"line":23,"column":17}},"13":{"start":{"line":27,"column":6},"end":{"line":27,"column":22}},"14":{"start":{"line":28,"column":18},"end":{"line":28,"column":19}},"15":{"start":{"line":29,"column":6},"end":{"line":31,"column":31}},"16":{"start":{"line":30,"column":9},"end":{"line":31,"column":31}},"17":{"start":{"line":31,"column":12},"end":{"line":31,"column":31}},"18":{"start":{"line":33,"column":6},"end":{"line":33,"column":18}},"19":{"start":{"line":36,"column":23},"end":{"line":38,"column":4}},"20":{"start":{"line":37,"column":6},"end":{"line":37,"column":31}},"21":{"start":{"line":42,"column":6},"end":{"line":48,"column":7}},"22":{"start":{"line":43,"column":9},"end":{"line":43,"column":31}},"23":{"start":{"line":44,"column":9},"end":{"line":44,"column":45}},"24":{"start":{"line":44,"column":33},"end":{"line":44,"column":44}},"25":{"start":{"line":45,"column":9},"end":{"line":45,"column":51}},"26":{"start":{"line":45,"column":29},"end":{"line":45,"column":50}},"27":{"start":{"line":47,"column":9},"end":{"line":47,"column":26}},"28":{"start":{"line":49,"column":6},"end":{"line":49,"column":30}},"29":{"start":{"line":50,"column":6},"end":{"line":50,"column":108}},"30":{"start":{"line":50,"column":32},"end":{"line":50,"column":107}},"31":{"start":{"line":53,"column":3},"end":{"line":69,"column":4}}},"fnMap":{"0":{"name":"Leaderboard","decl":{"start":{"line":5,"column":9},"end":{"line":5,"column":20}},"loc":{"start":{"line":5,"column":23},"end":{"line":70,"column":1}},"line":5},"1":{"name":"(anonymous_1)","decl":{"start":{"line":10,"column":13},"end":{"line":10,"column":14}},"loc":{"start":{"line":10,"column":19},"end":{"line":24,"column":4}},"line":10},"2":{"name":"getScores","decl":{"start":{"line":11,"column":21},"end":{"line":11,"column":30}},"loc":{"start":{"line":11,"column":33},"end":{"line":21,"column":7}},"line":11},"3":{"name":"(anonymous_3)","decl":{"start":{"line":15,"column":30},"end":{"line":15,"column":31}},"loc":{"start":{"line":15,"column":40},"end":{"line":15,"column":75}},"line":15},"4":{"name":"getTotalScore","decl":{"start":{"line":26,"column":12},"end":{"line":26,"column":25}},"loc":{"start":{"line":26,"column":33},"end":{"line":34,"column":4}},"line":26},"5":{"name":"(anonymous_5)","decl":{"start":{"line":36,"column":23},"end":{"line":36,"column":24}},"loc":{"start":{"line":36,"column":28},"end":{"line":38,"column":4}},"line":36},"6":{"name":"ScoresList","decl":{"start":{"line":40,"column":12},"end":{"line":40,"column":22}},"loc":{"start":{"line":40,"column":30},"end":{"line":51,"column":4}},"line":40},"7":{"name":"(anonymous_7)","decl":{"start":{"line":44,"column":28},"end":{"line":44,"column":29}},"loc":{"start":{"line":44,"column":33},"end":{"line":44,"column":44}},"line":44},"8":{"name":"(anonymous_8)","decl":{"start":{"line":45,"column":19},"end":{"line":45,"column":20}},"loc":{"start":{"line":45,"column":29},"end":{"line":45,"column":50}},"line":45},"9":{"name":"(anonymous_9)","decl":{"start":{"line":50,"column":22},"end":{"line":50,"column":23}},"loc":{"start":{"line":50,"column":32},"end":{"line":50,"column":107}},"line":50}},"branchMap":{"0":{"loc":{"start":{"line":30,"column":9},"end":{"line":31,"column":31}},"type":"if","locations":[{"start":{"line":30,"column":9},"end":{"line":31,"column":31}},{"start":{},"end":{}}],"line":30},"1":{"loc":{"start":{"line":42,"column":6},"end":{"line":48,"column":7}},"type":"if","locations":[{"start":{"line":42,"column":6},"end":{"line":48,"column":7}},{"start":{"line":46,"column":13},"end":{"line":48,"column":7}}],"line":42},"2":{"loc":{"start":{"line":50,"column":65},"end":{"line":50,"column":102}},"type":"cond-expr","locations":[{"start":{"line":50,"column":74},"end":{"line":50,"column":83}},{"start":{"line":50,"column":86},"end":{"line":50,"column":102}}],"line":50}},"s":{"0":13,"1":12,"2":12,"3":12,"4":3,"5":3,"6":3,"7":2,"8":2,"9":2,"10":2,"11":1,"12":3,"13":8,"14":8,"15":8,"16":16,"17":8,"18":8,"19":12,"20":1,"21":12,"22":3,"23":3,"24":4,"25":3,"26":2,"27":9,"28":12,"29":12,"30":8,"31":12},"f":{"0":13,"1":3,"2":3,"3":2,"4":8,"5":1,"6":12,"7":4,"8":2,"9":8},"b":{"0":[8,8],"1":[3,9],"2":[4,4]},"_coverageSchema":"1a1c01bbd47fc00a2c39e90264f33305004495a9","hash":"09607d13550ba94997cdf32a2349e0c7ec4f7567"}
,"/Users/jamesquinn/Desktop/Futureproof/LAP3/PROJECT WEEK/Weds19Jan/quiz-app/client/src/pages/Questions.js": {"path":"/Users/jamesquinn/Desktop/Futureproof/LAP3/PROJECT WEEK/Weds19Jan/quiz-app/client/src/pages/Questions.js","statementMap":{"0":{"start":{"line":7,"column":41},"end":{"line":7,"column":60}},"1":{"start":{"line":8,"column":20},"end":{"line":8,"column":33}},"2":{"start":{"line":9,"column":45},"end":{"line":9,"column":56}},"3":{"start":{"line":10,"column":35},"end":{"line":10,"column":47}},"4":{"start":{"line":11,"column":29},"end":{"line":11,"column":40}},"5":{"start":{"line":12,"column":33},"end":{"line":12,"column":45}},"6":{"start":{"line":13,"column":33},"end":{"line":13,"column":56}},"7":{"start":{"line":16,"column":6},"end":{"line":20,"column":7}},"8":{"start":{"line":17,"column":22},"end":{"line":17,"column":57}},"9":{"start":{"line":18,"column":22},"end":{"line":18,"column":70}},"10":{"start":{"line":19,"column":9},"end":{"line":19,"column":54}},"11":{"start":{"line":19,"column":33},"end":{"line":19,"column":52}},"12":{"start":{"line":23,"column":3},"end":{"line":26,"column":9}},"13":{"start":{"line":24,"column":6},"end":{"line":25,"column":22}},"14":{"start":{"line":25,"column":9},"end":{"line":25,"column":22}},"15":{"start":{"line":28,"column":3},"end":{"line":55,"column":28}},"16":{"start":{"line":33,"column":9},"end":{"line":33,"column":157}},"17":{"start":{"line":33,"column":34},"end":{"line":33,"column":150}},"18":{"start":{"line":33,"column":140},"end":{"line":33,"column":149}},"19":{"start":{"line":36,"column":6},"end":{"line":41,"column":7}},"20":{"start":{"line":37,"column":8},"end":{"line":37,"column":62}},"21":{"start":{"line":37,"column":33},"end":{"line":37,"column":55}},"22":{"start":{"line":37,"column":49},"end":{"line":37,"column":54}},"23":{"start":{"line":39,"column":9},"end":{"line":39,"column":34}},"24":{"start":{"line":40,"column":9},"end":{"line":40,"column":15}},"25":{"start":{"line":43,"column":6},"end":{"line":46,"column":7}},"26":{"start":{"line":44,"column":9},"end":{"line":44,"column":28}},"27":{"start":{"line":45,"column":9},"end":{"line":45,"column":15}},"28":{"start":{"line":48,"column":6},"end":{"line":54,"column":7}},"29":{"start":{"line":49,"column":9},"end":{"line":51,"column":10}},"30":{"start":{"line":50,"column":12},"end":{"line":50,"column":32}},"31":{"start":{"line":52,"column":9},"end":{"line":53,"column":31}},"32":{"start":{"line":53,"column":12},"end":{"line":53,"column":31}},"33":{"start":{"line":57,"column":3},"end":{"line":67,"column":17}},"34":{"start":{"line":58,"column":6},"end":{"line":65,"column":7}},"35":{"start":{"line":59,"column":22},"end":{"line":59,"column":57}},"36":{"start":{"line":60,"column":24},"end":{"line":60,"column":48}},"37":{"start":{"line":61,"column":24},"end":{"line":61,"column":64}},"38":{"start":{"line":62,"column":9},"end":{"line":62,"column":42}},"39":{"start":{"line":63,"column":9},"end":{"line":63,"column":41}},"40":{"start":{"line":63,"column":27},"end":{"line":63,"column":40}},"41":{"start":{"line":64,"column":9},"end":{"line":64,"column":48}},"42":{"start":{"line":69,"column":3},"end":{"line":76,"column":22}},"43":{"start":{"line":70,"column":6},"end":{"line":75,"column":7}},"44":{"start":{"line":71,"column":9},"end":{"line":71,"column":34}},"45":{"start":{"line":72,"column":9},"end":{"line":72,"column":85}},"46":{"start":{"line":73,"column":9},"end":{"line":73,"column":23}},"47":{"start":{"line":74,"column":9},"end":{"line":74,"column":24}},"48":{"start":{"line":81,"column":27},"end":{"line":81,"column":35}},"49":{"start":{"line":82,"column":9},"end":{"line":82,"column":27}},"50":{"start":{"line":85,"column":30},"end":{"line":94,"column":7}},"51":{"start":{"line":86,"column":22},"end":{"line":86,"column":37}},"52":{"start":{"line":87,"column":9},"end":{"line":92,"column":10}},"53":{"start":{"line":88,"column":12},"end":{"line":91,"column":37}},"54":{"start":{"line":89,"column":15},"end":{"line":89,"column":117}},"55":{"start":{"line":90,"column":17},"end":{"line":91,"column":37}},"56":{"start":{"line":91,"column":18},"end":{"line":91,"column":37}},"57":{"start":{"line":93,"column":9},"end":{"line":93,"column":22}},"58":{"start":{"line":96,"column":6},"end":{"line":103,"column":7}},"59":{"start":{"line":101,"column":39},"end":{"line":101,"column":190}},"60":{"start":{"line":110,"column":3},"end":{"line":123,"column":4}}},"fnMap":{"0":{"name":"QuestionsPage","decl":{"start":{"line":6,"column":9},"end":{"line":6,"column":22}},"loc":{"start":{"line":6,"column":25},"end":{"line":124,"column":1}},"line":6},"1":{"name":"initOptions","decl":{"start":{"line":15,"column":12},"end":{"line":15,"column":23}},"loc":{"start":{"line":15,"column":26},"end":{"line":21,"column":4}},"line":15},"2":{"name":"(anonymous_2)","decl":{"start":{"line":19,"column":27},"end":{"line":19,"column":28}},"loc":{"start":{"line":19,"column":33},"end":{"line":19,"column":52}},"line":19},"3":{"name":"(anonymous_3)","decl":{"start":{"line":23,"column":13},"end":{"line":23,"column":14}},"loc":{"start":{"line":23,"column":19},"end":{"line":26,"column":4}},"line":23},"4":{"name":"(anonymous_4)","decl":{"start":{"line":28,"column":13},"end":{"line":28,"column":14}},"loc":{"start":{"line":28,"column":19},"end":{"line":55,"column":5}},"line":28},"5":{"name":"next","decl":{"start":{"line":32,"column":15},"end":{"line":32,"column":19}},"loc":{"start":{"line":32,"column":22},"end":{"line":34,"column":7}},"line":32},"6":{"name":"(anonymous_6)","decl":{"start":{"line":33,"column":28},"end":{"line":33,"column":29}},"loc":{"start":{"line":33,"column":34},"end":{"line":33,"column":150}},"line":33},"7":{"name":"(anonymous_7)","decl":{"start":{"line":33,"column":131},"end":{"line":33,"column":132}},"loc":{"start":{"line":33,"column":140},"end":{"line":33,"column":149}},"line":33},"8":{"name":"(anonymous_8)","decl":{"start":{"line":37,"column":27},"end":{"line":37,"column":28}},"loc":{"start":{"line":37,"column":33},"end":{"line":37,"column":55}},"line":37},"9":{"name":"(anonymous_9)","decl":{"start":{"line":37,"column":44},"end":{"line":37,"column":45}},"loc":{"start":{"line":37,"column":49},"end":{"line":37,"column":54}},"line":37},"10":{"name":"(anonymous_10)","decl":{"start":{"line":48,"column":13},"end":{"line":48,"column":14}},"loc":{"start":{"line":48,"column":19},"end":{"line":54,"column":7}},"line":48},"11":{"name":"(anonymous_11)","decl":{"start":{"line":57,"column":13},"end":{"line":57,"column":14}},"loc":{"start":{"line":57,"column":19},"end":{"line":67,"column":4}},"line":57},"12":{"name":"(anonymous_12)","decl":{"start":{"line":63,"column":18},"end":{"line":63,"column":19}},"loc":{"start":{"line":63,"column":27},"end":{"line":63,"column":40}},"line":63},"13":{"name":"(anonymous_13)","decl":{"start":{"line":69,"column":13},"end":{"line":69,"column":14}},"loc":{"start":{"line":69,"column":19},"end":{"line":76,"column":4}},"line":69},"14":{"name":"Question","decl":{"start":{"line":78,"column":12},"end":{"line":78,"column":20}},"loc":{"start":{"line":78,"column":23},"end":{"line":104,"column":4}},"line":78},"15":{"name":"handleCheck","decl":{"start":{"line":80,"column":15},"end":{"line":80,"column":26}},"loc":{"start":{"line":80,"column":30},"end":{"line":83,"column":7}},"line":80},"16":{"name":"(anonymous_16)","decl":{"start":{"line":85,"column":30},"end":{"line":85,"column":31}},"loc":{"start":{"line":85,"column":39},"end":{"line":94,"column":7}},"line":85},"17":{"name":"(anonymous_17)","decl":{"start":{"line":101,"column":29},"end":{"line":101,"column":30}},"loc":{"start":{"line":101,"column":39},"end":{"line":101,"column":190}},"line":101}},"branchMap":{"0":{"loc":{"start":{"line":16,"column":6},"end":{"line":20,"column":7}},"type":"if","locations":[{"start":{"line":16,"column":6},"end":{"line":20,"column":7}},{"start":{},"end":{}}],"line":16},"1":{"loc":{"start":{"line":24,"column":6},"end":{"line":25,"column":22}},"type":"if","locations":[{"start":{"line":24,"column":6},"end":{"line":25,"column":22}},{"start":{},"end":{}}],"line":24},"2":{"loc":{"start":{"line":33,"column":34},"end":{"line":33,"column":150}},"type":"cond-expr","locations":[{"start":{"line":33,"column":86},"end":{"line":33,"column":111}},{"start":{"line":33,"column":114},"end":{"line":33,"column":150}}],"line":33},"3":{"loc":{"start":{"line":36,"column":6},"end":{"line":41,"column":7}},"type":"if","locations":[{"start":{"line":36,"column":6},"end":{"line":41,"column":7}},{"start":{"line":38,"column":13},"end":{"line":41,"column":7}}],"line":36},"4":{"loc":{"start":{"line":43,"column":6},"end":{"line":46,"column":7}},"type":"if","locations":[{"start":{"line":43,"column":6},"end":{"line":46,"column":7}},{"start":{},"end":{}}],"line":43},"5":{"loc":{"start":{"line":43,"column":9},"end":{"line":43,"column":26}},"type":"binary-expr","locations":[{"start":{"line":43,"column":9},"end":{"line":43,"column":17}},{"start":{"line":43,"column":21},"end":{"line":43,"column":26}}],"line":43},"6":{"loc":{"start":{"line":49,"column":9},"end":{"line":51,"column":10}},"type":"if","locations":[{"start":{"line":49,"column":9},"end":{"line":51,"column":10}},{"start":{},"end":{}}],"line":49},"7":{"loc":{"start":{"line":52,"column":9},"end":{"line":53,"column":31}},"type":"if","locations":[{"start":{"line":52,"column":9},"end":{"line":53,"column":31}},{"start":{},"end":{}}],"line":52},"8":{"loc":{"start":{"line":58,"column":6},"end":{"line":65,"column":7}},"type":"if","locations":[{"start":{"line":58,"column":6},"end":{"line":65,"column":7}},{"start":{},"end":{}}],"line":58},"9":{"loc":{"start":{"line":61,"column":24},"end":{"line":61,"column":64}},"type":"cond-expr","locations":[{"start":{"line":61,"column":59},"end":{"line":61,"column":60}},{"start":{"line":61,"column":63},"end":{"line":61,"column":64}}],"line":61},"10":{"loc":{"start":{"line":70,"column":6},"end":{"line":75,"column":7}},"type":"if","locations":[{"start":{"line":70,"column":6},"end":{"line":75,"column":7}},{"start":{},"end":{}}],"line":70},"11":{"loc":{"start":{"line":87,"column":9},"end":{"line":92,"column":10}},"type":"if","locations":[{"start":{"line":87,"column":9},"end":{"line":92,"column":10}},{"start":{},"end":{}}],"line":87},"12":{"loc":{"start":{"line":88,"column":12},"end":{"line":91,"column":37}},"type":"if","locations":[{"start":{"line":88,"column":12},"end":{"line":91,"column":37}},{"start":{"line":90,"column":17},"end":{"line":91,"column":37}}],"line":88},"13":{"loc":{"start":{"line":89,"column":15},"end":{"line":89,"column":117}},"type":"cond-expr","locations":[{"start":{"line":89,"column":78},"end":{"line":89,"column":97}},{"start":{"line":89,"column":100},"end":{"line":89,"column":117}}],"line":89},"14":{"loc":{"start":{"line":90,"column":17},"end":{"line":91,"column":37}},"type":"if","locations":[{"start":{"line":90,"column":17},"end":{"line":91,"column":37}},{"start":{},"end":{}}],"line":90},"15":{"loc":{"start":{"line":98,"column":14},"end":{"line":98,"column":133}},"type":"binary-expr","locations":[{"start":{"line":98,"column":14},"end":{"line":98,"column":55}},{"start":{"line":98,"column":59},"end":{"line":98,"column":133}}],"line":98},"16":{"loc":{"start":{"line":112,"column":11},"end":{"line":120,"column":18}},"type":"binary-expr","locations":[{"start":{"line":112,"column":11},"end":{"line":112,"column":21}},{"start":{"line":113,"column":12},"end":{"line":120,"column":18}}],"line":112}},"s":{"0":11,"1":10,"2":10,"3":10,"4":10,"5":10,"6":10,"7":13,"8":12,"9":12,"10":12,"11":53,"12":10,"13":4,"14":1,"15":10,"16":1,"17":0,"18":0,"19":6,"20":6,"21":1,"22":1,"23":0,"24":0,"25":6,"26":1,"27":1,"28":6,"29":6,"30":6,"31":6,"32":1,"33":10,"34":5,"35":1,"36":1,"37":1,"38":1,"39":1,"40":1,"41":1,"42":10,"43":4,"44":3,"45":3,"46":3,"47":3,"48":1,"49":1,"50":9,"51":36,"52":36,"53":8,"54":2,"55":6,"56":2,"57":36,"58":9,"59":36,"60":10},"f":{"0":11,"1":13,"2":53,"3":4,"4":6,"5":1,"6":0,"7":0,"8":1,"9":1,"10":6,"11":5,"12":1,"13":4,"14":9,"15":1,"16":36,"17":36},"b":{"0":[12,1],"1":[1,3],"2":[0,0],"3":[6,0],"4":[1,5],"5":[6,1],"6":[6,0],"7":[1,5],"8":[1,4],"9":[0,1],"10":[3,1],"11":[8,28],"12":[2,6],"13":[0,2],"14":[2,4],"15":[9,9],"16":[10,9]},"_coverageSchema":"1a1c01bbd47fc00a2c39e90264f33305004495a9","hash":"afd8162eb36fbdcfd02b95887fc3bb19ea49add0"}
,"/Users/jamesquinn/Desktop/Futureproof/LAP3/PROJECT WEEK/Weds19Jan/quiz-app/client/src/pages/ResultsPage.js": {"path":"/Users/jamesquinn/Desktop/Futureproof/LAP3/PROJECT WEEK/Weds19Jan/quiz-app/client/src/pages/ResultsPage.js","statementMap":{"0":{"start":{"line":8,"column":41},"end":{"line":8,"column":60}},"1":{"start":{"line":9,"column":20},"end":{"line":9,"column":33}},"2":{"start":{"line":11,"column":3},"end":{"line":30,"column":9}},"3":{"start":{"line":13,"column":9},"end":{"line":21,"column":10}},"4":{"start":{"line":14,"column":27},"end":{"line":14,"column":29}},"5":{"start":{"line":15,"column":12},"end":{"line":17,"column":13}},"6":{"start":{"line":16,"column":15},"end":{"line":16,"column":97}},"7":{"start":{"line":18,"column":12},"end":{"line":18,"column":101}},"8":{"start":{"line":20,"column":12},"end":{"line":20,"column":29}},"9":{"start":{"line":24,"column":6},"end":{"line":27,"column":19}},"10":{"start":{"line":25,"column":9},"end":{"line":25,"column":22}},"11":{"start":{"line":27,"column":9},"end":{"line":27,"column":19}},"12":{"start":{"line":29,"column":6},"end":{"line":29,"column":36}},"13":{"start":{"line":29,"column":19},"end":{"line":29,"column":36}},"14":{"start":{"line":33,"column":21},"end":{"line":33,"column":23}},"15":{"start":{"line":35,"column":6},"end":{"line":37,"column":7}},"16":{"start":{"line":36,"column":9},"end":{"line":36,"column":60}},"17":{"start":{"line":38,"column":6},"end":{"line":38,"column":46}},"18":{"start":{"line":38,"column":28},"end":{"line":38,"column":45}},"19":{"start":{"line":39,"column":6},"end":{"line":39,"column":88}},"20":{"start":{"line":39,"column":34},"end":{"line":39,"column":87}},"21":{"start":{"line":42,"column":3},"end":{"line":58,"column":4}}},"fnMap":{"0":{"name":"ResultsPage","decl":{"start":{"line":7,"column":9},"end":{"line":7,"column":20}},"loc":{"start":{"line":7,"column":23},"end":{"line":59,"column":1}},"line":7},"1":{"name":"(anonymous_1)","decl":{"start":{"line":11,"column":13},"end":{"line":11,"column":14}},"loc":{"start":{"line":11,"column":19},"end":{"line":30,"column":4}},"line":11},"2":{"name":"sendData","decl":{"start":{"line":12,"column":21},"end":{"line":12,"column":29}},"loc":{"start":{"line":12,"column":32},"end":{"line":22,"column":7}},"line":12},"3":{"name":"(anonymous_3)","decl":{"start":{"line":29,"column":13},"end":{"line":29,"column":14}},"loc":{"start":{"line":29,"column":19},"end":{"line":29,"column":36}},"line":29},"4":{"name":"getScores","decl":{"start":{"line":32,"column":12},"end":{"line":32,"column":21}},"loc":{"start":{"line":32,"column":24},"end":{"line":40,"column":4}},"line":32},"5":{"name":"(anonymous_5)","decl":{"start":{"line":38,"column":18},"end":{"line":38,"column":19}},"loc":{"start":{"line":38,"column":28},"end":{"line":38,"column":45}},"line":38},"6":{"name":"(anonymous_6)","decl":{"start":{"line":39,"column":24},"end":{"line":39,"column":25}},"loc":{"start":{"line":39,"column":34},"end":{"line":39,"column":87}},"line":39}},"branchMap":{"0":{"loc":{"start":{"line":24,"column":6},"end":{"line":27,"column":19}},"type":"if","locations":[{"start":{"line":24,"column":6},"end":{"line":27,"column":19}},{"start":{"line":27,"column":9},"end":{"line":27,"column":19}}],"line":24},"1":{"loc":{"start":{"line":44,"column":11},"end":{"line":55,"column":12}},"type":"binary-expr","locations":[{"start":{"line":44,"column":11},"end":{"line":44,"column":21}},{"start":{"line":45,"column":9},"end":{"line":55,"column":12}}],"line":44}},"s":{"0":3,"1":3,"2":3,"3":2,"4":2,"5":2,"6":6,"7":2,"8":1,"9":3,"10":1,"11":2,"12":3,"13":3,"14":2,"15":2,"16":6,"17":2,"18":4,"19":2,"20":6,"21":3},"f":{"0":3,"1":3,"2":2,"3":3,"4":2,"5":4,"6":6},"b":{"0":[1,2],"1":[3,2]},"_coverageSchema":"1a1c01bbd47fc00a2c39e90264f33305004495a9","hash":"76a86ed08e87033ccd677bc7a1754f2269301b8f"}
,"/Users/jamesquinn/Desktop/Futureproof/LAP3/PROJECT WEEK/Weds19Jan/quiz-app/client/src/pages/Welcome.js": {"path":"/Users/jamesquinn/Desktop/Futureproof/LAP3/PROJECT WEEK/Weds19Jan/quiz-app/client/src/pages/Welcome.js","statementMap":{"0":{"start":{"line":5,"column":3},"end":{"line":10,"column":4}}},"fnMap":{"0":{"name":"Welcome","decl":{"start":{"line":3,"column":9},"end":{"line":3,"column":16}},"loc":{"start":{"line":3,"column":19},"end":{"line":11,"column":1}},"line":3}},"branchMap":{},"s":{"0":2},"f":{"0":2},"b":{},"_coverageSchema":"1a1c01bbd47fc00a2c39e90264f33305004495a9","hash":"8c689b52f17c76600d8d82a2dd4d527b579d1d30"}
,"/Users/jamesquinn/Desktop/Futureproof/LAP3/PROJECT WEEK/Weds19Jan/quiz-app/client/src/utils/Context.js": {"path":"/Users/jamesquinn/Desktop/Futureproof/LAP3/PROJECT WEEK/Weds19Jan/quiz-app/client/src/utils/Context.js","statementMap":{"0":{"start":{"line":3,"column":16},"end":{"line":3,"column":37}}},"fnMap":{},"branchMap":{},"s":{"0":6},"f":{},"b":{},"_coverageSchema":"1a1c01bbd47fc00a2c39e90264f33305004495a9","hash":"09e4604bf66ff8065cb4ff8d2a163e834ec61446"}
}
