TN:
SF:src/components/NavigateButton.js
FN:3,NavigateButton
FN:7,(anonymous_1)
FNF:2
FNH:2
FNDA:32,NavigateButton
FNDA:1,(anonymous_1)
DA:5,32
DA:7,32
DA:8,1
DA:11,32
LF:4
LH:4
BRF:0
BRH:0
end_of_record
TN:
SF:src/pages/CreateQuiz.js
FN:6,CreateQuiz
FN:16,getTriviaData
FN:36,(anonymous_2)
FN:37,getCategories
FN:49,submitPlayer
FN:52,(anonymous_5)
FN:57,(anonymous_6)
FN:62,(anonymous_7)
FN:67,submitForm
FN:79,(anonymous_9)
FN:98,(anonymous_10)
FN:111,(anonymous_11)
FNF:12
FNH:12
FNDA:79,CreateQuiz
FNDA:1,getTriviaData
FNDA:5,(anonymous_2)
FNDA:5,getCategories
FNDA:8,submitPlayer
FNDA:8,(anonymous_5)
FNDA:1,(anonymous_6)
FNDA:56,(anonymous_7)
FNDA:1,submitForm
FNDA:2,(anonymous_9)
FNDA:52,(anonymous_10)
FNDA:4,(anonymous_11)
DA:7,79
DA:8,78
DA:9,78
DA:10,78
DA:11,78
DA:12,78
DA:13,78
DA:14,78
DA:17,1
DA:18,1
DA:19,1
DA:20,0
DA:21,0
DA:22,0
DA:23,0
DA:24,0
DA:26,0
DA:27,0
DA:29,0
DA:30,0
DA:32,1
DA:36,78
DA:38,5
DA:39,5
DA:40,2
DA:41,2
DA:43,3
DA:46,5
DA:50,8
DA:51,8
DA:52,8
DA:53,8
DA:57,78
DA:58,1
DA:59,1
DA:62,78
DA:63,56
DA:64,56
DA:68,1
DA:69,1
DA:70,1
DA:71,1
DA:72,1
DA:73,1
DA:74,3
DA:75,1
DA:77,1
DA:78,1
DA:79,2
DA:80,1
DA:83,78
DA:98,52
DA:111,4
LF:53
LH:44
BRDA:32,0,0,1
BRDA:32,0,1,0
BRDA:51,1,0,8
BRDA:51,1,1,0
BRDA:71,2,0,0
BRDA:71,2,1,1
BRDA:74,3,0,1
BRDA:74,3,1,2
BRDA:74,4,0,3
BRDA:74,4,1,2
BRDA:86,5,0,78
BRDA:86,5,1,76
BRDA:95,6,0,76
BRDA:95,6,1,42
BRF:14
BRH:11
end_of_record
TN:
SF:src/pages/Leaderboard.js
FN:5,Leaderboard
FN:10,(anonymous_1)
FN:11,getScores
FN:15,(anonymous_3)
FN:26,getTotalScore
FN:36,(anonymous_5)
FN:40,ScoresList
FN:44,(anonymous_7)
FN:45,(anonymous_8)
FN:50,(anonymous_9)
FNF:10
FNH:10
FNDA:13,Leaderboard
FNDA:3,(anonymous_1)
FNDA:3,getScores
FNDA:2,(anonymous_3)
FNDA:8,getTotalScore
FNDA:1,(anonymous_5)
FNDA:12,ScoresList
FNDA:4,(anonymous_7)
FNDA:2,(anonymous_8)
FNDA:8,(anonymous_9)
DA:6,13
DA:7,12
DA:8,12
DA:10,12
DA:12,3
DA:13,3
DA:14,3
DA:15,2
DA:16,2
DA:17,2
DA:19,1
DA:23,3
DA:27,8
DA:28,8
DA:29,8
DA:30,16
DA:31,8
DA:33,8
DA:36,12
DA:37,1
DA:42,12
DA:43,3
DA:44,4
DA:45,3
DA:47,9
DA:49,12
DA:50,12
DA:53,12
LF:28
LH:28
BRDA:30,0,0,8
BRDA:30,0,1,8
BRDA:42,1,0,3
BRDA:42,1,1,9
BRDA:50,2,0,4
BRDA:50,2,1,4
BRF:6
BRH:6
end_of_record
TN:
SF:src/pages/Questions.js
FN:6,QuestionsPage
FN:15,initOptions
FN:19,(anonymous_2)
FN:23,(anonymous_3)
FN:28,(anonymous_4)
FN:32,next
FN:33,(anonymous_6)
FN:33,(anonymous_7)
FN:37,(anonymous_8)
FN:37,(anonymous_9)
FN:48,(anonymous_10)
FN:57,(anonymous_11)
FN:63,(anonymous_12)
FN:69,(anonymous_13)
FN:78,Question
FN:80,handleCheck
FN:85,(anonymous_16)
FN:101,(anonymous_17)
FNF:18
FNH:16
FNDA:11,QuestionsPage
FNDA:13,initOptions
FNDA:53,(anonymous_2)
FNDA:4,(anonymous_3)
FNDA:6,(anonymous_4)
FNDA:1,next
FNDA:0,(anonymous_6)
FNDA:0,(anonymous_7)
FNDA:1,(anonymous_8)
FNDA:1,(anonymous_9)
FNDA:6,(anonymous_10)
FNDA:5,(anonymous_11)
FNDA:1,(anonymous_12)
FNDA:4,(anonymous_13)
FNDA:9,Question
FNDA:1,handleCheck
FNDA:36,(anonymous_16)
FNDA:36,(anonymous_17)
DA:7,11
DA:8,10
DA:9,10
DA:10,10
DA:11,10
DA:12,10
DA:13,10
DA:16,13
DA:17,12
DA:18,12
DA:19,53
DA:23,10
DA:24,4
DA:25,1
DA:28,10
DA:33,1
DA:36,6
DA:37,6
DA:39,0
DA:40,0
DA:43,6
DA:44,1
DA:45,1
DA:48,6
DA:49,6
DA:50,6
DA:52,6
DA:53,1
DA:57,10
DA:58,5
DA:59,1
DA:60,1
DA:61,1
DA:62,1
DA:63,1
DA:64,1
DA:69,10
DA:70,4
DA:71,3
DA:72,3
DA:73,3
DA:74,3
DA:81,1
DA:82,1
DA:85,9
DA:86,36
DA:87,36
DA:88,8
DA:89,2
DA:90,6
DA:91,2
DA:93,36
DA:96,9
DA:101,36
DA:110,10
LF:55
LH:53
BRDA:16,0,0,12
BRDA:16,0,1,1
BRDA:24,1,0,1
BRDA:24,1,1,3
BRDA:33,2,0,0
BRDA:33,2,1,0
BRDA:36,3,0,6
BRDA:36,3,1,0
BRDA:43,4,0,1
BRDA:43,4,1,5
BRDA:43,5,0,6
BRDA:43,5,1,1
BRDA:49,6,0,6
BRDA:49,6,1,0
BRDA:52,7,0,1
BRDA:52,7,1,5
BRDA:58,8,0,1
BRDA:58,8,1,4
BRDA:61,9,0,0
BRDA:61,9,1,1
BRDA:70,10,0,3
BRDA:70,10,1,1
BRDA:87,11,0,8
BRDA:87,11,1,28
BRDA:88,12,0,2
BRDA:88,12,1,6
BRDA:89,13,0,0
BRDA:89,13,1,2
BRDA:90,14,0,2
BRDA:90,14,1,4
BRDA:98,15,0,9
BRDA:98,15,1,9
BRDA:112,16,0,10
BRDA:112,16,1,9
BRF:34
BRH:28
end_of_record
TN:
SF:src/pages/ResultsPage.js
FN:7,ResultsPage
FN:11,(anonymous_1)
FN:12,sendData
FN:29,(anonymous_3)
FN:32,getScores
FN:38,(anonymous_5)
FN:39,(anonymous_6)
FNF:7
FNH:7
FNDA:3,ResultsPage
FNDA:3,(anonymous_1)
FNDA:2,sendData
FNDA:3,(anonymous_3)
FNDA:2,getScores
FNDA:4,(anonymous_5)
FNDA:6,(anonymous_6)
DA:8,3
DA:9,3
DA:11,3
DA:13,2
DA:14,2
DA:15,2
DA:16,6
DA:18,2
DA:20,1
DA:24,3
DA:25,1
DA:27,2
DA:29,3
DA:33,2
DA:35,2
DA:36,6
DA:38,4
DA:39,6
DA:42,3
LF:19
LH:19
BRDA:24,0,0,1
BRDA:24,0,1,2
BRDA:44,1,0,3
BRDA:44,1,1,2
BRF:4
BRH:4
end_of_record
TN:
SF:src/pages/Welcome.js
FN:3,Welcome
FNF:1
FNH:1
FNDA:2,Welcome
DA:5,2
LF:1
LH:1
BRF:0
BRH:0
end_of_record
TN:
SF:src/utils/Context.js
FNF:0
FNH:0
DA:3,6
LF:1
LH:1
BRF:0
BRH:0
end_of_record
